 
[2021-09-05 11:16:54] select * from `product` where `pid` = '1';
[2021-09-05 11:16:54] select * from `order` where `oid` = '1';
[2021-09-05 11:16:54] select * from `order_detail` where `od_id` = '1';
[2021-09-05 11:17:44] select * from `order` where `oid` = '1';
[2021-09-05 11:17:44] select * from `order_detail` where `oid` = '1';
[2021-09-05 11:17:44] select * from `product` where `pid` IN (1,2);
[2021-09-05 11:49:29] select * from `order` where `oid` = '1';
[2021-09-05 11:49:29] select * from `order_detail` where `oid` = '1' AND `oid` = '1';
[2021-09-05 11:49:49] select * from `order` where `oid` = '1';
[2021-09-05 11:49:49] select * from `order_detail` where `oid` = '1' AND `oid` = '1';
[2021-09-05 11:49:49] select * from `product` where `oid` = '1' AND `oid` = '1';
[2021-09-05 11:50:23] select * from `order` where `oid` = '1';
[2021-09-05 11:50:23] select * from `order_detail` where `oid` = '1';
[2021-09-05 11:50:23] select * from `product` where `pid` IN (1,2);
[2021-09-05 13:53:32] select * from `order` where `oid` = '1';
[2021-09-05 13:53:32] select * from `order_detail` where `oid` = '1' AND `oid` = '1';
[2021-09-05 13:53:32] select * from `product` where `oid` = '1' AND `oid` = '1';
[2021-09-05 13:53:54] select * from `order` where `oid` = '1';
[2021-09-05 13:55:27] select * from `order_detail` where `oid` = '1' AND `oid` = '1';
[2021-09-05 13:55:28] select * from `product` where `oid` = '1' AND `oid` = '1';
[2021-09-05 13:56:14] select * from `order` where `oid` = '1';
[2021-09-05 13:57:31] select * from `order_detail` where `oid` = '1' AND `oid` = '1';
[2021-09-05 14:05:55] select * from `order` where `oid` = '1';
[2021-09-05 14:05:55] select * from `order_detail` where `oid` = '1' AND `oid` = '1';
[2021-09-05 14:05:55] select * from `product` where `oid` = '1' AND `oid` = '1';
[2021-09-05 14:06:55] select * from `order` where `oid` = '1';
[2021-09-05 14:06:58] select * from `order_detail` where `oid` = '1' AND `oid` = '1';
[2021-09-05 14:08:39] select * from `order` where `oid` = '1';
[2021-09-05 14:08:42] select * from `order_detail` where `oid` = '1' AND `oid` = '1';
